/home/users/u7244940/miniconda3/envs/test/lib/python3.8/site-packages/open_clip/factory.py:388: UserWarning: These pretrained weights were trained with QuickGELU activation but the model config does not have that enabled. Consider using a model config with a "-quickgelu" suffix or enable with a flag.
  warnings.warn(
Files already downloaded and verified
Files already downloaded and verified
Epoch 1/50 - Loss: 0.2260
Val Top1 Accuracy: 93.10% | Top5 Accuracy: 99.84%
Precision: 0.9312 | Recall: 0.9309 | F1 Score: 0.9310
Confusion Matrix:
[[ 910    1   16    2    2    0    2    3   20    5]
 [   2  955    0    2    0    0    0    0    1   21]
 [  14    0  918   18   17   10   25    4    1    0]
 [   3    0   20  864   14   49   34    3    1    0]
 [   1    0   27   16  875    6   18   24    1    0]
 [   0    0   15   71   12  875    6   16    0    0]
 [   2    0   23   26   15    2  972    0    1    0]
 [   4    0    9    6   21   11    1 1006    2    1]
 [  20    5    2    3    0    0    1    0  961    4]
 [   8   14    0    2    0    0    1    0    3  974]]

Epoch 2/50 - Loss: 0.1948
Val Top1 Accuracy: 93.25% | Top5 Accuracy: 99.82%
Precision: 0.9330 | Recall: 0.9323 | F1 Score: 0.9324
Confusion Matrix:
[[ 920    3    9    2    1    0    4    2   15    5]
 [   2  971    0    0    0    1    0    0    1    6]
 [  19    0  896   21   13   14   36    7    1    0]
 [   2    1   10  867    9   55   42    2    0    0]
 [   3    0   26   21  860    8   23   27    0    0]
 [   1    0    8   57    6  904    6   13    0    0]
 [   1    0   10   24   13    2  991    0    0    0]
 [   4    1    7    7   16   13    0 1010    2    1]
 [  21    8    2    2    0    0    1    0  958    4]
 [   7   40    0    3    0    0    1    0    3  948]]

Epoch 3/50 - Loss: 0.1867
Val Top1 Accuracy: 93.40% | Top5 Accuracy: 99.82%
Precision: 0.9344 | Recall: 0.9338 | F1 Score: 0.9339
Confusion Matrix:
[[ 896    4   20    2    2    0    5    3   23    6]
 [   2  959    0    0    0    1    0    0    1   18]
 [  11    0  926   13   18    7   30    2    0    0]
 [   1    1   22  846   15   57   45    0    1    0]
 [   1    0   21   12  890    6   25   12    1    0]
 [   0    0   12   49   16  896    9   13    0    0]
 [   0    0   15   17   15    2  992    0    0    0]
 [   1    1   11    4   30    9    1 1001    2    1]
 [  13    6    3    2    0    0    2    0  967    3]
 [   6   20    0    2    0    0    1    0    6  967]]

Epoch 4/50 - Loss: 0.1829
Val Top1 Accuracy: 93.51% | Top5 Accuracy: 99.83%
Precision: 0.9355 | Recall: 0.9349 | F1 Score: 0.9349
Confusion Matrix:
[[ 923    2    5    0    2    0    3    1   21    4]
 [   2  956    0    0    0    1    0    0    1   21]
 [  21    0  901   14   20    9   35    5    1    1]
 [   5    0   15  831   16   62   56    1    1    1]
 [   4    0   13   13  886    6   28   17    1    0]
 [   0    0   11   43   12  908   10   11    0    0]
 [   2    0    9   14   13    2 1001    0    0    0]
 [   6    1    6    6   20   13    1 1006    2    0]
 [  17    6    2    1    0    0    2    0  964    4]
 [   8   11    0    0    0    0    1    0    7  975]]

Epoch 5/50 - Loss: 0.1784
Val Top1 Accuracy: 93.51% | Top5 Accuracy: 99.84%
Precision: 0.9350 | Recall: 0.9350 | F1 Score: 0.9350
Confusion Matrix:
[[ 909    2   14    2    4    1    3    3   17    6]
 [   2  961    0    1    0    1    0    0    2   14]
 [  12    0  921   18   23    5   22    6    0    0]
 [   2    0   20  851   17   60   33    3    1    1]
 [   1    0   15   15  887    6   20   24    0    0]
 [   0    0   11   41   14  908    4   17    0    0]
 [   1    0   22   25   22    2  968    1    0    0]
 [   2    1    6    5   18   11    0 1015    2    1]
 [  17    6    2    2    1    0    1    0  960    7]
 [   7   18    0    1    0    0    1    1    3  971]]

Epoch 6/50 - Loss: 0.1759
Val Top1 Accuracy: 93.60% | Top5 Accuracy: 99.81%
Precision: 0.9362 | Recall: 0.9359 | F1 Score: 0.9358
Confusion Matrix:
[[ 924    2    6    0    2    1    2    2   18    4]
 [   2  959    0    1    0    1    0    0    1   17]
 [  26    0  889   17   23   12   33    6    1    0]
 [   4    0   12  843   13   66   48    0    1    1]
 [   4    0   15   13  889    7   21   18    1    0]
 [   0    0    4   41   14  919    8    9    0    0]
 [   1    0   14   17   13    2  994    0    0    0]
 [   2    1    6    5   23   13    1 1007    2    1]
 [  14    5    2    2    0    0    1    0  967    5]
 [   7   20    0    2    0    0    1    0    3  969]]

Epoch 7/50 - Loss: 0.1739
Val Top1 Accuracy: 93.78% | Top5 Accuracy: 99.75%
Precision: 0.9379 | Recall: 0.9376 | F1 Score: 0.9376
Confusion Matrix:
[[ 923    2    8    0    2    1    2    3   16    4]
 [   2  963    0    1    0    1    0    0    4   10]
 [  14    0  903   24   18    8   33    6    0    1]
 [   3    0   12  869   13   50   37    2    1    1]
 [   2    0   22   19  877    6   18   24    0    0]
 [   0    0    6   51   11  902    9   16    0    0]
 [   2    0   13   17   13    2  994    0    0    0]
 [   1    1    6    6   17    6    1 1020    2    1]
 [  18    6    2    2    0    0    1    0  963    4]
 [   8   25    0    1    0    0    1    0    3  964]]

Epoch 8/50 - Loss: 0.1721
Val Top1 Accuracy: 93.81% | Top5 Accuracy: 99.82%
Precision: 0.9384 | Recall: 0.9381 | F1 Score: 0.9380
Confusion Matrix:
[[ 921    2    8    0    2    0    2    2   20    4]
 [   2  964    0    0    0    1    0    0    4   10]
 [  14    0  926   18   21    3   22    2    1    0]
 [   2    0   15  884   15   39   29    2    1    1]
 [   2    0   14   15  900    5   16   16    0    0]
 [   0    0   13   70   17  869    9   17    0    0]
 [   1    0   18   23   19    2  978    0    0    0]
 [   4    1    8    6   22    6    1 1011    2    0]
 [  14    5    2    2    0    0    2    0  968    3]
 [   7   27    0    2    0    0    1    0    5  960]]

Epoch 9/50 - Loss: 0.1706
Val Top1 Accuracy: 93.69% | Top5 Accuracy: 99.82%
Precision: 0.9369 | Recall: 0.9368 | F1 Score: 0.9367
Confusion Matrix:
[[ 913    2   11    0    3    0    2    2   20    8]
 [   2  959    0    0    0    1    0    0    3   16]
 [  14    0  935   12   19    5   18    3    0    1]
 [   4    0   23  855   12   56   35    2    0    1]
 [   3    0   20   16  883    6   18   22    0    0]
 [   0    0   13   42   12  909    4   15    0    0]
 [   1    0   31   17   17    3  971    0    1    0]
 [   3    1   10    5   17    8    1 1013    2    1]
 [   9    4    2    2    0    0    1    0  971    7]
 [   6   29    0    2    0    0    1    0    4  960]]

Epoch 10/50 - Loss: 0.1693
Val Top1 Accuracy: 93.59% | Top5 Accuracy: 99.84%
Precision: 0.9360 | Recall: 0.9358 | F1 Score: 0.9358
Confusion Matrix:
[[ 907    2   18    0    2    0    2    3   22    5]
 [   2  963    0    0    0    1    0    0    3   12]
 [  11    1  935   12   19    5   16    8    0    0]
 [   4    0   19  855   19   57   28    5    1    0]
 [   2    0   19   11  888    6   13   29    0    0]
 [   0    0   13   45   12  902    3   20    0    0]
 [   1    0   35   22   21    4  957    0    1    0]
 [   2    1    8    3   20    7    1 1016    2    1]
 [  12    5    2    2    0    0    1    0  971    3]
 [   5   24    0    1    0    0    1    0    6  965]]

Epoch 11/50 - Loss: 0.1682
Val Top1 Accuracy: 93.61% | Top5 Accuracy: 99.81%
Precision: 0.9361 | Recall: 0.9362 | F1 Score: 0.9360
Confusion Matrix:
[[ 924    2    6    0    3    0    2    2   14    8]
 [   2  969    0    0    0    0    0    0    1    9]
 [  14    1  924   22   21    6   17    1    0    1]
 [   5    0   12  869   15   55   30    1    0    1]
 [   3    0   14   15  899    5   15   15    0    2]
 [   1    0   11   53   15  902    3   10    0    0]
 [   2    1   25   28   19    5  961    0    0    0]
 [   3    1    5    8   28    9    0 1004    2    1]
 [  18    7    2    2    0    0    0    0  962    5]
 [   9   43    0    1    0    0    1    0    1  947]]

Epoch 12/50 - Loss: 0.1658
Val Top1 Accuracy: 93.69% | Top5 Accuracy: 99.87%
Precision: 0.9383 | Recall: 0.9368 | F1 Score: 0.9369
Confusion Matrix:
[[ 910    2   13    0    2    0    2    4   23    5]
 [   2  961    0    0    0    0    0    0    4   14]
 [  12    0  926   23   19    3   20    4    0    0]
 [   3    0   12  908   11   22   31    0    0    1]
 [   2    0   14   21  886    5   21   19    0    0]
 [   0    0   12  104   15  841    7   16    0    0]
 [   1    0   18   29   12    2  979    0    0    0]
 [   2    1    4    8   20    8    0 1015    2    1]
 [   9    3    1    2    0    0    1    0  976    4]
 [   5   21    0    3    0    0    1    0    5  967]]

Epoch 13/50 - Loss: 0.1657
Val Top1 Accuracy: 94.04% | Top5 Accuracy: 99.84%
Precision: 0.9404 | Recall: 0.9403 | F1 Score: 0.9403
Confusion Matrix:
[[ 922    2    5    0    3    1    2    4   18    4]
 [   2  957    0    0    0    0    0    0    4   18]
 [  13    0  916   18   27    6   22    4    0    1]
 [   2    0   12  858   17   61   34    2    1    1]
 [   3    0   10   14  904    5   18   14    0    0]
 [   0    0    8   46   17  907    5   12    0    0]
 [   1    0   16   18   20    2  984    0    0    0]
 [   2    1    4    5   23   10    1 1012    2    1]
 [  14    2    2    2    0    0    0    0  970    6]
 [   7   17    0    1    0    0    1    0    2  974]]

Epoch 14/50 - Loss: 0.1646
Val Top1 Accuracy: 93.79% | Top5 Accuracy: 99.87%
Precision: 0.9381 | Recall: 0.9379 | F1 Score: 0.9379
Confusion Matrix:
[[ 913    2   11    0    3    0    2    4   22    4]
 [   2  961    0    1    0    0    0    1    3   13]
 [  12    1  925   24   22    4   14    5    0    0]
 [   3    0   15  879   16   46   25    3    0    1]
 [   2    0   13   18  896    5   13   21    0    0]
 [   0    0   12   56   15  891    5   16    0    0]
 [   1    0   21   33   23    2  959    2    0    0]
 [   2    1    4    7   22    7    0 1015    2    1]
 [  14    2    2    2    1    0    1    0  970    4]
 [   6   19    0    3    0    0    1    0    3  970]]

Epoch 15/50 - Loss: 0.1635
Val Top1 Accuracy: 93.96% | Top5 Accuracy: 99.85%
Precision: 0.9397 | Recall: 0.9395 | F1 Score: 0.9395
Confusion Matrix:
[[ 914    2    8    1    3    1    3    5   19    5]
 [   2  962    0    0    0    0    0    1    4   12]
 [  13    0  913   19   22    9   24    7    0    0]
 [   4    0   10  870   12   60   29    3    0    0]
 [   2    0   10   16  887    6   21   26    0    0]
 [   0    0    5   44   12  920    4   10    0    0]
 [   2    0   16   20   16    3  984    0    0    0]
 [   3    1    3    5   19   14    1 1013    2    0]
 [  14    3    2    2    0    0    1    0  970    4]
 [   7   25    0    3    0    0    1    0    3  963]]

Epoch 16/50 - Loss: 0.1626
Val Top1 Accuracy: 93.95% | Top5 Accuracy: 99.83%
Precision: 0.9395 | Recall: 0.9395 | F1 Score: 0.9395
Confusion Matrix:
[[ 923    2    6    0    3    1    2    4   15    5]
 [   2  961    0    1    0    1    0    0    3   13]
 [  12    0  925   18   14    6   28    3    0    1]
 [   4    0   14  862   13   60   33    2    0    0]
 [   2    0   17   16  893    7   16   17    0    0]
 [   0    0    9   55   13  905    3   10    0    0]
 [   1    0   18   20   16    2  984    0    0    0]
 [   2    1    8    6   22   15    1 1003    2    1]
 [  14    2    2    2    1    0    1    0  970    4]
 [   9   18    0    2    0    0    1    0    3  969]]

Epoch 17/50 - Loss: 0.1617
Val Top1 Accuracy: 93.87% | Top5 Accuracy: 99.82%
Precision: 0.9389 | Recall: 0.9387 | F1 Score: 0.9386
Confusion Matrix:
[[907   2  22   0   3   1   2   2  16   6]
 [  2 968   0   0   0   1   0   0   1   9]
 [ 10   0 927  20  26   4  20   0   0   0]
 [  3   0  10 871  20  51  30   2   0   1]
 [  3   0  13  13 909   6  13  11   0   0]
 [  0   0   9  49  16 907   5   9   0   0]
 [  2   0  18  19  19   2 980   1   0   0]
 [  2   1   4   6  36   9   1 999   2   1]
 [ 16   6   2   2   1   0   1   0 962   6]
 [  8  32   0   2   0   0   1   0   2 957]]

Epoch 18/50 - Loss: 0.1613
Val Top1 Accuracy: 94.14% | Top5 Accuracy: 99.84%
Precision: 0.9416 | Recall: 0.9413 | F1 Score: 0.9413
Confusion Matrix:
[[ 905    2   17    1    3    0    2    3   23    5]
 [   2  968    0    0    0    0    0    1    1    9]
 [  10    1  936   21   17    5   17    0    0    0]
 [   3    0   11  891   12   44   25    1    0    1]
 [   2    0   16   19  891    6   14   20    0    0]
 [   0    0   10   60   12  898    4   11    0    0]
 [   1    0   18   23   18    2  977    1    1    0]
 [   2    1    7    6   19    8    1 1014    2    1]
 [  11    5    2    2    1    0    1    0  971    3]
 [   7   27    0    2    0    0    1    0    2  963]]

Epoch 19/50 - Loss: 0.1603
Val Top1 Accuracy: 94.00% | Top5 Accuracy: 99.81%
Precision: 0.9400 | Recall: 0.9400 | F1 Score: 0.9399
Confusion Matrix:
[[ 924    1    5    1    3    0    2    3   17    5]
 [   2  962    0    1    0    0    0    0    4   12]
 [  16    0  921   21   21    3   20    5    0    0]
 [   4    0   18  869   13   49   34    1    0    0]
 [   2    0   11   18  902    5   18   12    0    0]
 [   0    0   14   55   15  893    5   13    0    0]
 [   2    0   22   17   16    2  982    0    0    0]
 [   3    1    6    6   24    8    1 1010    2    0]
 [  15    2    1    2    0    0    1    0  970    5]
 [   7   21    0    1    0    0    1    0    5  967]]

Epoch 20/50 - Loss: 0.1604
Val Top1 Accuracy: 93.98% | Top5 Accuracy: 99.82%
Precision: 0.9396 | Recall: 0.9398 | F1 Score: 0.9397
Confusion Matrix:
[[ 916    2    7    0    3    1    2    4   19    7]
 [   2  959    0    0    0    0    0    0    2   18]
 [  13    1  925   23   22    6   14    3    0    0]
 [   3    0   15  862   14   62   27    3    0    2]
 [   2    0   14   15  902    6   13   16    0    0]
 [   0    0   13   46   13  906    2   15    0    0]
 [   2    1   23   26   19    2  967    1    0    0]
 [   2    1    4    7   20    8    0 1016    2    1]
 [  14    3    1    2    0    0    1    0  968    7]
 [   5   16    0    1    0    0    1    0    2  977]]

Epoch 21/50 - Loss: 0.1597
Val Top1 Accuracy: 94.10% | Top5 Accuracy: 99.85%
Precision: 0.9410 | Recall: 0.9409 | F1 Score: 0.9408
Confusion Matrix:
[[ 922    2    6    0    2    1    2    4   16    6]
 [   2  964    0    0    0    0    0    0    4   11]
 [  13    0  916   17   23    8   23    7    0    0]
 [   3    0    9  860   14   66   31    4    0    1]
 [   3    0   10   15  896    6   19   19    0    0]
 [   0    0    6   38   13  918    6   14    0    0]
 [   2    0   16   17   18    2  984    2    0    0]
 [   2    1    1    5   21    9    1 1018    2    1]
 [  14    2    2    2    0    0    1    0  969    6]
 [   7   26    0    2    0    0    1    0    3  963]]

Epoch 22/50 - Loss: 0.1590
Val Top1 Accuracy: 94.21% | Top5 Accuracy: 99.83%
Precision: 0.9420 | Recall: 0.9421 | F1 Score: 0.9419
Confusion Matrix:
[[ 927    2    6    0    3    1    2    3   13    4]
 [   2  969    0    1    0    1    0    0    2    6]
 [  13    0  931   19   17    6   21    0    0    0]
 [   5    0   11  857   18   60   35    2    0    0]
 [   3    0   13   13  902    6   15   16    0    0]
 [   1    0   10   47   12  913    3    9    0    0]
 [   2    0   15   17   15    2  990    0    0    0]
 [   3    1    5    6   22   11    1 1010    2    0]
 [  16    3    2    2    0    0    1    0  969    3]
 [  11   31    0    3    0    0    0    0    4  953]]

Epoch 23/50 - Loss: 0.1587
Val Top1 Accuracy: 94.06% | Top5 Accuracy: 99.86%
Precision: 0.9407 | Recall: 0.9404 | F1 Score: 0.9405
Confusion Matrix:
[[ 919    2    8    0    2    0    2    4   19    5]
 [   2  961    0    1    0    0    0    1    3   13]
 [  11    0  926   19   19    6   22    4    0    0]
 [   3    0   10  866   11   56   37    4    0    1]
 [   2    0   15   18  879    5   24   25    0    0]
 [   0    0    7   45   12  911    7   13    0    0]
 [   2    0   16   19    8    2  992    2    0    0]
 [   3    1    3    6   18    8    1 1019    2    0]
 [  15    2    2    2    0    0    0    0  969    6]
 [   7   26    0    3    0    0    1    0    1  964]]

Epoch 24/50 - Loss: 0.1582
Val Top1 Accuracy: 94.16% | Top5 Accuracy: 99.85%
Precision: 0.9417 | Recall: 0.9414 | F1 Score: 0.9415
Confusion Matrix:
[[ 909    2   10    1    3    0    2    5   21    8]
 [   2  960    0    0    0    0    0    0    3   16]
 [  11    0  930   22   21    3   15    4    0    1]
 [   3    0   13  880   11   48   29    3    0    1]
 [   2    0   14   21  891    5   13   22    0    0]
 [   0    0   11   50   12  902    4   16    0    0]
 [   0    0   16   27   15    2  980    1    0    0]
 [   2    1    4    6   18    7    1 1019    2    1]
 [  11    2    2    2    0    0    0    0  971    8]
 [   5   17    0    3    0    0    1    0    2  974]]

Epoch 25/50 - Loss: 0.1578
Val Top1 Accuracy: 94.12% | Top5 Accuracy: 99.85%
Precision: 0.9412 | Recall: 0.9410 | F1 Score: 0.9410
Confusion Matrix:
[[ 909    2   16    0    3    1    2    4   18    6]
 [   2  969    0    1    0    1    0    0    1    7]
 [  10    0  940   15   18    5   18    1    0    0]
 [   3    0   21  852   15   60   34    2    0    1]
 [   2    0   17   13  894    6   18   18    0    0]
 [   0    0    9   39   14  915    5   13    0    0]
 [   1    0   18   14   17    3  988    0    0    0]
 [   3    1    6    5   18   11    1 1014    2    0]
 [  13    3    2    2    0    0    1    0  971    4]
 [   5   29    0    3    0    0    1    0    4  960]]

Epoch 26/50 - Loss: 0.1569
Val Top1 Accuracy: 94.19% | Top5 Accuracy: 99.83%
Precision: 0.9420 | Recall: 0.9417 | F1 Score: 0.9417
Confusion Matrix:
[[ 924    2    5    0    2    0    2    4   16    6]
 [   2  961    0    0    0    0    0    0    4   14]
 [  16    0  919   17   18    8   23    6    0    0]
 [   5    0    9  848   12   69   41    3    0    1]
 [   2    0   14   14  884    9   21   24    0    0]
 [   0    0    4   34   12  927    7   11    0    0]
 [   4    0   14   14   12    2  994    1    0    0]
 [   2    1    2    4   17   12    1 1019    2    1]
 [  14    2    1    2    0    0    1    0  972    4]
 [   8   18    0    1    0    0    0    0    4  971]]

Epoch 27/50 - Loss: 0.1565
Val Top1 Accuracy: 94.03% | Top5 Accuracy: 99.86%
Precision: 0.9401 | Recall: 0.9402 | F1 Score: 0.9400
Confusion Matrix:
[[ 921    2    6    0    2    0    2    4   18    6]
 [   2  963    0    0    0    0    0    1    2   13]
 [  14    0  932   14   23    5   14    4    0    1]
 [   4    0   16  846   24   63   28    5    0    2]
 [   2    0   13   12  908    5   10   18    0    0]
 [   0    0   10   42   18  900    5   20    0    0]
 [   2    0   23   14   22    3  975    2    0    0]
 [   2    1    2    6   20    6    1 1020    2    1]
 [  15    2    1    1    0    0    1    0  970    6]
 [   6   23    0    0    0    0    1    0    4  968]]

Epoch 28/50 - Loss: 0.1565
Val Top1 Accuracy: 94.21% | Top5 Accuracy: 99.83%
Precision: 0.9422 | Recall: 0.9420 | F1 Score: 0.9420
Confusion Matrix:
[[ 923    2    7    0    2    1    2    3   16    5]
 [   2  961    0    1    0    0    0    1    4   12]
 [  13    0  926   20   19    5   22    2    0    0]
 [   4    0   13  877   11   44   37    2    0    0]
 [   3    0   15   17  887    6   20   20    0    0]
 [   0    0    6   57   12  904    5   11    0    0]
 [   3    0   19   17   11    2  989    0    0    0]
 [   3    1    4    6   17   10    1 1017    2    0]
 [  15    2    1    2    0    0    1    0  972    3]
 [  11   20    0    2    0    0    1    0    3  965]]

Epoch 29/50 - Loss: 0.1560
Val Top1 Accuracy: 94.03% | Top5 Accuracy: 99.85%
Precision: 0.9402 | Recall: 0.9402 | F1 Score: 0.9402
Confusion Matrix:
[[ 918    2   10    0    2    0    2    4   17    6]
 [   2  965    0    1    0    0    0    1    2   10]
 [  12    0  933   22   17    4   16    3    0    0]
 [   3    0   14  866   15   60   25    4    0    1]
 [   2    0   15   19  887    6   15   24    0    0]
 [   0    0   10   48   12  906    5   14    0    0]
 [   2    0   16   24   16    2  980    1    0    0]
 [   3    1    5    6   18    7    1 1018    2    0]
 [  15    4    2    2    0    0    1    0  967    5]
 [   7   25    0    3    0    0    1    0    3  963]]

Epoch 30/50 - Loss: 0.1560
Val Top1 Accuracy: 94.22% | Top5 Accuracy: 99.80%
Precision: 0.9422 | Recall: 0.9421 | F1 Score: 0.9421
Confusion Matrix:
[[ 925    2    6    0    2    0    2    2   18    4]
 [   2  959    0    0    0    0    0    0    4   16]
 [  13    0  932   19   16    5   22    0    0    0]
 [   4    0   13  871   15   51   32    1    0    1]
 [   2    0   19   15  885    7   23   17    0    0]
 [   0    0    8   49   12  909    6   11    0    0]
 [   3    0   13   21   13    2  988    1    0    0]
 [   3    1    6    6   20    9    2 1012    2    0]
 [  15    2    1    2    0    0    1    0  971    4]
 [   8   17    0    2    0    0    1    0    4  970]]

Epoch 31/50 - Loss: 0.1545
Val Top1 Accuracy: 94.20% | Top5 Accuracy: 99.85%
Precision: 0.9423 | Recall: 0.9420 | F1 Score: 0.9420
Confusion Matrix:
[[ 918    2    6    1    2    0    2    4   20    6]
 [   2  964    0    0    0    0    0    0    4   11]
 [  13    1  929   27   18    5   13    1    0    0]
 [   3    0   10  895   14   44   19    2    0    1]
 [   2    0   15   19  900    5    9   18    0    0]
 [   0    0    6   63   12  898    3   13    0    0]
 [   2    1   15   25   27    2  969    0    0    0]
 [   2    1    4    8   19    7    1 1016    2    1]
 [  12    3    1    2    0    0    1    0  973    4]
 [   7   31    0    2    0    0    1    0    3  958]]

Epoch 32/50 - Loss: 0.1548
Val Top1 Accuracy: 94.03% | Top5 Accuracy: 99.84%
Precision: 0.9405 | Recall: 0.9402 | F1 Score: 0.9402
Confusion Matrix:
[[ 918    2    9    0    3    0    2    3   20    4]
 [   2  965    0    0    0    0    0    0    3   11]
 [  12    0  920   19   21    5   28    2    0    0]
 [   3    0   10  860   17   56   38    3    0    1]
 [   2    0   10   15  903    5   20   13    0    0]
 [   0    0    8   49   15  904    8   11    0    0]
 [   1    0   12   14   16    2  993    3    0    0]
 [   3    1    4    6   32    7    1 1005    2    0]
 [  12    2    1    2    0    0    1    0  973    5]
 [  10   23    0    3    0    0    1    0    3  962]]

Epoch 33/50 - Loss: 0.1552
Val Top1 Accuracy: 94.17% | Top5 Accuracy: 99.83%
Precision: 0.9415 | Recall: 0.9416 | F1 Score: 0.9415
Confusion Matrix:
[[ 930    2    5    0    2    0    2    2   15    3]
 [   2  959    0    0    0    0    0    0    4   16]
 [  15    0  930   17   18    5   21    1    0    0]
 [   5    0   19  856   15   59   32    1    0    1]
 [   2    0   15   13  894    6   22   16    0    0]
 [   2    0   13   45   13  905    6   11    0    0]
 [   3    0   19   15   15    1  986    2    0    0]
 [   2    1    4    5   21   10    1 1014    2    1]
 [  16    2    1    0    0    0    1    0  973    3]
 [   9   17    0    2    0    0    1    0    3  970]]

Epoch 34/50 - Loss: 0.1542
Val Top1 Accuracy: 94.07% | Top5 Accuracy: 99.85%
Precision: 0.9406 | Recall: 0.9406 | F1 Score: 0.9405
Confusion Matrix:
[[ 920    2    8    0    2    0    2    4   18    5]
 [   2  962    0    0    0    0    0    1    3   13]
 [  12    0  934   19   19    1   20    2    0    0]
 [   4    0   17  858   19   50   35    4    0    1]
 [   2    0   16   13  896    6   18   17    0    0]
 [   0    0   11   54   16  893    6   15    0    0]
 [   1    0   16   16   17    2  987    2    0    0]
 [   2    1    5    6   20    7    1 1016    2    1]
 [  14    2    2    2    0    0    1    0  971    4]
 [   7   20    0    1    0    0    1    0    3  970]]

Epoch 35/50 - Loss: 0.1538
Val Top1 Accuracy: 94.04% | Top5 Accuracy: 99.88%
Precision: 0.9403 | Recall: 0.9402 | F1 Score: 0.9402
Confusion Matrix:
[[ 918    1   10    0    2    0    2    4   18    6]
 [   2  957    0    0    0    0    0    1    3   18]
 [  12    1  934   15   18    6   15    5    0    1]
 [   4    0   22  851   14   63   26    7    0    1]
 [   2    0   19   13  886    6   15   27    0    0]
 [   0    0    9   38   14  909    5   20    0    0]
 [   2    0   23   18   18    2  975    3    0    0]
 [   3    1    2    6   16    6    1 1024    2    0]
 [  13    2    1    2    0    0    1    0  973    4]
 [   6   14    0    2    0    0    1    0    2  977]]

Epoch 36/50 - Loss: 0.1537
Val Top1 Accuracy: 94.20% | Top5 Accuracy: 99.83%
Precision: 0.9420 | Recall: 0.9419 | F1 Score: 0.9419
Confusion Matrix:
[[ 925    2    6    0    2    0    2    3   16    5]
 [   2  966    0    0    0    0    0    0    3   10]
 [  13    0  927   21   21    3   21    1    0    0]
 [   3    0   15  864   15   48   40    2    0    1]
 [   2    0   11   13  900    6   20   16    0    0]
 [   0    0   12   59   15  891    6   12    0    0]
 [   1    0   14   16   13    2  995    0    0    0]
 [   2    1    5    6   20    8    1 1015    2    1]
 [  15    2    1    2    0    0    1    0  971    4]
 [   7   21    0    3    0    0    1    0    4  966]]

Epoch 37/50 - Loss: 0.1535
Val Top1 Accuracy: 94.12% | Top5 Accuracy: 99.86%
Precision: 0.9413 | Recall: 0.9411 | F1 Score: 0.9411
Confusion Matrix:
[[ 924    2    6    0    2    0    2    4   17    4]
 [   2  965    0    0    0    0    0    1    4    9]
 [  16    0  917   21   22    6   18    7    0    0]
 [   5    0   10  884   13   50   24    2    0    0]
 [   3    0   12   17  887    7   19   23    0    0]
 [   0    0    5   55   13  902    5   15    0    0]
 [   2    0   16   26   14    4  977    2    0    0]
 [   3    1    1    6   17    7    1 1023    2    0]
 [  14    2    1    2    0    0    1    0  973    3]
 [  10   23    0    3    0    0    1    0    5  960]]

Epoch 38/50 - Loss: 0.1529
Val Top1 Accuracy: 94.20% | Top5 Accuracy: 99.86%
Precision: 0.9419 | Recall: 0.9419 | F1 Score: 0.9419
Confusion Matrix:
[[ 922    1    6    0    2    0    2    4   17    7]
 [   2  963    0    0    0    0    0    1    3   12]
 [  15    0  925   20   17    8   17    5    0    0]
 [   4    0   13  865    9   60   33    3    0    1]
 [   2    0   15   17  886    6   14   28    0    0]
 [   0    0    8   40    9  920    5   13    0    0]
 [   1    0   16   21   18    2  982    1    0    0]
 [   3    1    3    6   16   11    1 1018    2    0]
 [  15    2    1    2    0    0    1    0  968    7]
 [   6   20    0    0    0    0    1    0    4  971]]

Epoch 39/50 - Loss: 0.1536
Val Top1 Accuracy: 94.08% | Top5 Accuracy: 99.82%
Precision: 0.9412 | Recall: 0.9408 | F1 Score: 0.9407
Confusion Matrix:
[[ 929    2    5    0    3    0    2    2   14    4]
 [   2  966    0    0    0    0    0    1    1   11]
 [  15    0  911   19   29    4   25    3    0    1]
 [   6    0    9  878   26   39   27    3    0    0]
 [   3    0   10   11  916    5    9   14    0    0]
 [   0    0    8   62   18  883    6   18    0    0]
 [   2    0   13   19   24    2  980    1    0    0]
 [   2    1    1    7   25    6    1 1015    2    1]
 [  18    5    1    2    0    0    1    0  964    5]
 [   9   22    0    3    0    0    1    0    1  966]]

Epoch 40/50 - Loss: 0.1529
Val Top1 Accuracy: 94.14% | Top5 Accuracy: 99.85%
Precision: 0.9413 | Recall: 0.9413 | F1 Score: 0.9412
Confusion Matrix:
[[ 917    2   12    0    2    0    2    3   18    5]
 [   2  964    0    0    0    0    0    1    3   11]
 [  14    0  937   15   20    5   15    1    0    0]
 [   5    0   20  854   14   54   37    4    0    0]
 [   2    0   18   12  902    6   15   13    0    0]
 [   0    0   13   54   14  896    5   13    0    0]
 [   1    0   19   12   13    2  992    2    0    0]
 [   3    1    4    6   24    6    1 1014    2    0]
 [  14    2    2    2    0    0    1    0  970    5]
 [   7   23    0    1    0    0    1    0    2  968]]

Epoch 41/50 - Loss: 0.1524
Val Top1 Accuracy: 94.12% | Top5 Accuracy: 99.89%
Precision: 0.9412 | Recall: 0.9410 | F1 Score: 0.9410
Confusion Matrix:
[[ 918    2    8    0    2    0    2    3   21    5]
 [   2  967    0    0    0    0    0    0    4    8]
 [  13    1  935   22   11    6   18    1    0    0]
 [   5    0   11  871   12   58   28    2    0    1]
 [   2    0   16   19  883    6   19   23    0    0]
 [   0    0    6   45   10  914    5   15    0    0]
 [   2    0   15   21   15    2  985    1    0    0]
 [   3    1    3    6   18    8    1 1019    2    0]
 [  14    5    1    2    0    0    1    0  970    3]
 [   8   37    0    2    0    0    1    0    4  950]]

Epoch 42/50 - Loss: 0.1526
Val Top1 Accuracy: 94.17% | Top5 Accuracy: 99.82%
Precision: 0.9417 | Recall: 0.9416 | F1 Score: 0.9416
Confusion Matrix:
[[ 914    2   14    0    3    0    2    4   18    4]
 [   2  964    0    0    0    0    0    0    3   12]
 [  11    0  932   21   19    6   16    2    0    0]
 [   6    0   13  877   16   48   26    2    0    0]
 [   2    0   12   13  899    7   18   17    0    0]
 [   0    0   12   55   13  898    5   12    0    0]
 [   2    0   18   21   17    2  979    2    0    0]
 [   2    1    4    6   21    6    1 1017    2    1]
 [  14    2    2    2    0    0    1    0  971    4]
 [   9   22    0    2    0    0    1    0    2  966]]

Epoch 43/50 - Loss: 0.1519
Val Top1 Accuracy: 94.19% | Top5 Accuracy: 99.86%
Precision: 0.9419 | Recall: 0.9418 | F1 Score: 0.9417
Confusion Matrix:
[[ 919    2    9    0    2    0    2    4   17    6]
 [   2  965    0    0    0    0    0    0    3   11]
 [  14    0  930   17   21    1   19    4    0    1]
 [   4    0   14  877   16   45   27    4    0    1]
 [   3    0   13   13  896    6   20   17    0    0]
 [   0    0   11   53   15  891    6   19    0    0]
 [   2    0   16   19   18    1  983    2    0    0]
 [   2    1    3    6   19    6    1 1020    2    1]
 [  13    2    1    2    0    0    1    0  973    4]
 [   7   25    0    1    0    0    1    0    3  965]]

Epoch 44/50 - Loss: 0.1520
Val Top1 Accuracy: 94.31% | Top5 Accuracy: 99.83%
Precision: 0.9431 | Recall: 0.9431 | F1 Score: 0.9430
Confusion Matrix:
[[ 924    2    6    0    3    0    2    1   18    5]
 [   2  962    0    0    0    1    0    0    2   14]
 [  13    0  919   21   25    6   22    0    0    1]
 [   3    0   12  861   18   68   24    1    0    1]
 [   2    0   12   14  911    6   13   10    0    0]
 [   0    0    7   32   16  926    5    9    0    0]
 [   1    0   15   17   19    4  984    1    0    0]
 [   3    1    3    7   25   12    1 1007    2    0]
 [  14    2    1    2    1    0    1    0  969    6]
 [   6   21    0    3    0    0    1    0    3  968]]

Epoch 45/50 - Loss: 0.1515
Val Top1 Accuracy: 93.98% | Top5 Accuracy: 99.85%
Precision: 0.9398 | Recall: 0.9397 | F1 Score: 0.9397
Confusion Matrix:
[[ 914    2   15    0    3    0    2    4   15    6]
 [   2  963    0    1    0    0    0    0    2   13]
 [  11    0  932   19   23    2   17    3    0    0]
 [   4    0   19  866   22   48   26    2    0    1]
 [   2    0   15   12  905    6   11   17    0    0]
 [   0    0   13   53   17  892    5   15    0    0]
 [   1    0   26   19   20    1  974    0    0    0]
 [   2    1    4    6   21    6    1 1017    2    1]
 [  14    2    2    2    0    0    1    0  970    5]
 [  10   21    0    2    0    0    1    0    3  965]]

Epoch 46/50 - Loss: 0.1521
Val Top1 Accuracy: 94.13% | Top5 Accuracy: 99.81%
Precision: 0.9413 | Recall: 0.9413 | F1 Score: 0.9412
Confusion Matrix:
[[ 913    2    8    1    4    1    2    2   21    7]
 [   2  963    0    1    0    0    0    0    2   13]
 [  12    0  920   24   27    6   17    1    0    0]
 [   3    0   14  872   16   53   27    2    0    1]
 [   2    0   11   15  906    7   14   13    0    0]
 [   0    0    7   48   15  907    5   13    0    0]
 [   1    0   17   18   20    3  981    1    0    0]
 [   2    1    3    8   23    9    1 1011    2    1]
 [  13    2    1    2    1    0    1    0  970    6]
 [   6   20    0    2    0    0    1    0    3  970]]

Epoch 47/50 - Loss: 0.1515
Val Top1 Accuracy: 94.15% | Top5 Accuracy: 99.83%
Precision: 0.9414 | Recall: 0.9413 | F1 Score: 0.9412
Confusion Matrix:
[[ 916    1   14    0    2    0    2    4   16    6]
 [   2  966    0    0    0    0    0    1    3    9]
 [  12    0  934   17   16    7   18    3    0    0]
 [   3    0   15  848   17   64   36    4    0    1]
 [   2    0   18   12  888    6   17   25    0    0]
 [   0    0    6   37   13  919    6   14    0    0]
 [   1    0   16   15   17    2  989    1    0    0]
 [   3    1    2    5   16    8    1 1023    2    0]
 [  14    3    2    2    0    0    1    0  969    5]
 [   8   26    0    1    0    0    1    0    3  963]]

Epoch 48/50 - Loss: 0.1515
Val Top1 Accuracy: 94.16% | Top5 Accuracy: 99.82%
Precision: 0.9416 | Recall: 0.9416 | F1 Score: 0.9414
Confusion Matrix:
[[ 927    1    5    0    3    0    2    2   16    5]
 [   2  965    0    0    0    0    0    0    3   11]
 [  15    0  914   20   27    6   22    3    0    0]
 [   5    0   12  858   24   57   30    2    0    0]
 [   3    0   10   10  911    6   14   14    0    0]
 [   0    0    6   51   15  903    5   15    0    0]
 [   2    0   14   15   18    3  989    0    0    0]
 [   3    1    3    6   22    8    1 1015    2    0]
 [  15    2    1    2    0    0    1    0  970    5]
 [  10   25    0    0    0    0    1    0    2  964]]

Epoch 49/50 - Loss: 0.1513
Val Top1 Accuracy: 94.27% | Top5 Accuracy: 99.83%
Precision: 0.9427 | Recall: 0.9425 | F1 Score: 0.9426
Confusion Matrix:
[[ 913    1   13    1    3    0    2    4   17    7]
 [   2  958    0    0    0    0    0    0    3   18]
 [  11    0  934   22   17    4   17    2    0    0]
 [   3    0   14  878   14   49   26    3    0    1]
 [   2    0   18   16  894    5   14   19    0    0]
 [   0    0   10   51   13  900    5   16    0    0]
 [   1    0   16   22   16    2  983    1    0    0]
 [   2    1    4    6   18    6    1 1020    2    1]
 [  13    2    2    2    0    0    1    0  971    5]
 [   6   16    0    1    0    0    1    0    2  976]]

Epoch 50/50 - Loss: 0.1513
Val Top1 Accuracy: 94.13% | Top5 Accuracy: 99.84%
Precision: 0.9412 | Recall: 0.9412 | F1 Score: 0.9412
Confusion Matrix:
[[ 917    1   10    1    3    0    2    4   18    5]
 [   2  962    0    0    0    0    0    1    2   14]
 [  11    0  930   20   21    4   17    4    0    0]
 [   4    1   11  870   14   55   29    4    0    0]
 [   2    0   16   18  891    6   11   24    0    0]
 [   0    0    5   43   13  911    5   18    0    0]
 [   2    1   19   23   17    2  974    3    0    0]
 [   2    1    3    6   17    6    1 1022    2    1]
 [  14    2    2    2    0    0    1    0  970    5]
 [   7   25    0    0    0    0    1    0    3  966]]

===== Test Set Evaluation =====
Test Top1 Accuracy: 93.88%
Test Top5 Accuracy: 99.95%
Precision: 0.9391 | Recall: 0.9388 | F1 Score: 0.9388
Confusion Matrix:
[[956   1   5   6   3   0   1   0  19   9]
 [  2 970   0   0   0   2   1   0   1  24]
 [ 18   0 901  15  32   6  24   3   1   0]
 [  0   0  13 865  13  73  25   5   4   2]
 [  2   1  13  11 943   6  13   9   1   1]
 [  2   1   7  46  17 917   6   4   0   0]
 [  3   0  11  17  18   7 944   0   0   0]
 [  2   1   3   8  26  14   2 943   1   0]
 [ 21   1   0   0   0   0   0   0 976   2]
 [  1  19   0   0   0   0   1   2   4 973]]
